current directory: /workspaces/AI-Cohort-July-2025/.bundle/ruby/3.2.0/gems/json-2.13.2/ext/json/ext/parser
/usr/bin/ruby3.2 -I/usr/lib/ruby/vendor_ruby extconf.rb
checking for rb_enc_interned_str() in ruby/encoding.h... yes
checking for rb_hash_new_capa() in ruby.h... yes
checking for rb_hash_bulk_insert() in ruby.h... yes
checking for strnlen() in string.h... yes
checking for whether -std=c99 is accepted as CFLAGS... yes
checking for x86intrin.h... yes
checking for cpuid.h... yes
creating Makefile

current directory: /workspaces/AI-Cohort-July-2025/.bundle/ruby/3.2.0/gems/json-2.13.2/ext/json/ext/parser
make DESTDIR\= sitearchdir\=./.gem.20250801-18180-jtz8zx sitelibdir\=./.gem.20250801-18180-jtz8zx clean

current directory: /workspaces/AI-Cohort-July-2025/.bundle/ruby/3.2.0/gems/json-2.13.2/ext/json/ext/parser
make DESTDIR\= sitearchdir\=./.gem.20250801-18180-jtz8zx sitelibdir\=./.gem.20250801-18180-jtz8zx
compiling parser.c
linking shared-object json/ext/parser.so

current directory: /workspaces/AI-Cohort-July-2025/.bundle/ruby/3.2.0/gems/json-2.13.2/ext/json/ext/parser
make DESTDIR\= sitearchdir\=./.gem.20250801-18180-jtz8zx sitelibdir\=./.gem.20250801-18180-jtz8zx install
/usr/bin/install -c -m 0755 parser.so ./.gem.20250801-18180-jtz8zx/json/ext

current directory: /workspaces/AI-Cohort-July-2025/.bundle/ruby/3.2.0/gems/json-2.13.2/ext/json/ext/parser
make DESTDIR\= sitearchdir\=./.gem.20250801-18180-jtz8zx sitelibdir\=./.gem.20250801-18180-jtz8zx clean
